<?xml version="1.0" encoding="UTF-8"?>
<!-- Generated by org.testng.reporters.JUnitReportReporter -->
<testsuite hostname="YUVARAJ_UV" failures="0" tests="3" name="com.Tests.LoginTests" time="25.338" errors="0" timestamp="2025-04-22T21:00:07 IST" skipped="0">
  <testcase classname="com.Tests.LoginTests" name="testForgotPassword" time="7.957"/>
  <testcase classname="com.Tests.LoginTests" name="testInvalidLogin" time="7.552"/>
  <testcase classname="com.Tests.LoginTests" name="testSuccessfulLogin" time="9.829"/>
</testsuite> <!-- com.Tests.LoginTests -->
